# JRE version: Java(TM) SE Runtime Environment (13.0.2+8) (build 13.0.2+8)
# Java VM: Java HotSpot(TM) 64-Bit Server VM (13.0.2+8, mixed mode, sharing, tiered, compressed oops, g1 gc, windows-amd64)
Heap:
 garbage-first heap   total 131072K, used 43730K [0x0000000081400000, 0x0000000100000000)
  region size 1024K, 29 young (29696K), 1 survivors (1024K)
 Metaspace       used 10075K, capacity 10407K, committed 10752K, reserved 1058816K
  class space    used 1005K, capacity 1169K, committed 1280K, reserved 1048576K
GC Heap History (6 events):
Event: 2.032 GC heap before
{Heap before GC invocations=0 (full 0):
 garbage-first heap   total 131072K, used 22528K [0x0000000081400000, 0x0000000100000000)
  region size 1024K, 14 young (14336K), 0 survivors (0K)
 Metaspace       used 9206K, capacity 9539K, committed 9600K, reserved 1058816K
  class space    used 967K, capacity 1136K, committed 1152K, reserved 1048576K
}
Event: 2.038 GC heap after
{Heap after GC invocations=1 (full 0):
 garbage-first heap   total 131072K, used 11793K [0x0000000081400000, 0x0000000100000000)
  region size 1024K, 2 young (2048K), 2 survivors (2048K)
 Metaspace       used 9206K, capacity 9539K, committed 9600K, reserved 1058816K
  class space    used 967K, capacity 1136K, committed 1152K, reserved 1048576K
}
Event: 6.796 GC heap before
{Heap before GC invocations=1 (full 0):
 garbage-first heap   total 131072K, used 17937K [0x0000000081400000, 0x0000000100000000)
  region size 1024K, 6 young (6144K), 2 survivors (2048K)
 Metaspace       used 9718K, capacity 10052K, committed 10112K, reserved 1058816K
  class space    used 980K, capacity 1136K, committed 1152K, reserved 1048576K
}
Event: 6.800 GC heap after
{Heap after GC invocations=2 (full 0):
 garbage-first heap   total 131072K, used 14223K [0x0000000081400000, 0x0000000100000000)
  region size 1024K, 1 young (1024K), 1 survivors (1024K)
 Metaspace       used 9718K, capacity 10052K, committed 10112K, reserved 1058816K
  class space    used 980K, capacity 1136K, committed 1152K, reserved 1048576K
}
Event: 14.355 GC heap before
{Heap before GC invocations=2 (full 0):
 garbage-first heap   total 131072K, used 37775K [0x0000000081400000, 0x0000000100000000)
  region size 1024K, 22 young (22528K), 1 survivors (1024K)
 Metaspace       used 10050K, capacity 10404K, committed 10752K, reserved 1058816K
  class space    used 1004K, capacity 1168K, committed 1280K, reserved 1048576K
}
Event: 14.356 GC heap after
{Heap after GC invocations=3 (full 0):
 garbage-first heap   total 131072K, used 14034K [0x0000000081400000, 0x0000000100000000)
  region size 1024K, 1 young (1024K), 1 survivors (1024K)
 Metaspace       used 10050K, capacity 10404K, committed 10752K, reserved 1058816K
  class space    used 1004K, capacity 1168K, committed 1280K, reserved 1048576K
}

